# JRE version: OpenJDK Runtime Environment (17.0.10) (build 17.0.10+0--11609105)
# Java VM: OpenJDK 64-Bit Server VM (17.0.10+0--11609105, mixed mode, tiered, compressed oops, compressed class ptrs, g1 gc, windows-amd64)
GC Precious Log:
 CPUs: 8 total, 8 available
 Memory: 16057M
 Large Page Support: Disabled
 NUMA Support: Disabled
 Compressed Oops: Enabled (32-bit)
 Heap Region Size: 1M
 Heap Min Capacity: 8M
 Heap Initial Capacity: 252M
 Heap Max Capacity: 2G
 Pre-touch: Disabled
 Parallel Workers: 8
 Concurrent Workers: 2
 Concurrent Refinement Workers: 8
 Periodic GC: Disabled
Heap:
 garbage-first heap   total 519168K, used 249570K [0x0000000080000000, 0x0000000100000000)
  region size 1024K, 17 young (17408K), 14 survivors (14336K)
 Metaspace       used 199303K, committed 200256K, reserved 1245184K
  class space    used 25009K, committed 25472K, reserved 1048576K
GC Heap History (20 events):
Event: 72.451 GC heap before
{Heap before GC invocations=170 (full 0):
 garbage-first heap   total 519168K, used 459531K [0x0000000080000000, 0x0000000100000000)
  region size 1024K, 288 young (294912K), 4 survivors (4096K)
 Metaspace       used 160476K, committed 161280K, reserved 1245184K
  class space    used 19545K, committed 19904K, reserved 1048576K
}
Event: 72.453 GC heap after
{Heap after GC invocations=171 (full 0):
 garbage-first heap   total 519168K, used 163520K [0x0000000080000000, 0x0000000100000000)
  region size 1024K, 2 young (2048K), 2 survivors (2048K)
 Metaspace       used 160476K, committed 161280K, reserved 1245184K
  class space    used 19545K, committed 19904K, reserved 1048576K
}
Event: 73.063 GC heap before
{Heap before GC invocations=171 (full 0):
 garbage-first heap   total 519168K, used 467648K [0x0000000080000000, 0x0000000100000000)
  region size 1024K, 291 young (297984K), 2 survivors (2048K)
 Metaspace       used 160585K, committed 161344K, reserved 1245184K
  class space    used 19556K, committed 19904K, reserved 1048576K
}
Event: 73.072 GC heap after
{Heap after GC invocations=172 (full 0):
 garbage-first heap   total 519168K, used 177950K [0x0000000080000000, 0x0000000100000000)
  region size 1024K, 16 young (16384K), 16 survivors (16384K)
 Metaspace       used 160585K, committed 161344K, reserved 1245184K
  class space    used 19556K, committed 19904K, reserved 1048576K
}
Event: 74.721 GC heap before
{Heap before GC invocations=172 (full 0):
 garbage-first heap   total 519168K, used 462622K [0x0000000080000000, 0x0000000100000000)
  region size 1024K, 275 young (281600K), 16 survivors (16384K)
 Metaspace       used 172481K, committed 173248K, reserved 1245184K
  class space    used 21138K, committed 21504K, reserved 1048576K
}
Event: 74.732 GC heap after
{Heap after GC invocations=173 (full 0):
 garbage-first heap   total 519168K, used 205790K [0x0000000080000000, 0x0000000100000000)
  region size 1024K, 31 young (31744K), 31 survivors (31744K)
 Metaspace       used 172481K, committed 173248K, reserved 1245184K
  class space    used 21138K, committed 21504K, reserved 1048576K
}
Event: 75.595 GC heap before
{Heap before GC invocations=173 (full 0):
 garbage-first heap   total 519168K, used 437214K [0x0000000080000000, 0x0000000100000000)
  region size 1024K, 254 young (260096K), 31 survivors (31744K)
 Metaspace       used 178715K, committed 179584K, reserved 1245184K
  class space    used 22028K, committed 22464K, reserved 1048576K
}
Event: 75.607 GC heap after
{Heap after GC invocations=174 (full 0):
 garbage-first heap   total 519168K, used 216720K [0x0000000080000000, 0x0000000100000000)
  region size 1024K, 23 young (23552K), 23 survivors (23552K)
 Metaspace       used 178715K, committed 179584K, reserved 1245184K
  class space    used 22028K, committed 22464K, reserved 1048576K
}
Event: 75.852 GC heap before
{Heap before GC invocations=174 (full 0):
 garbage-first heap   total 519168K, used 438928K [0x0000000080000000, 0x0000000100000000)
  region size 1024K, 240 young (245760K), 23 survivors (23552K)
 Metaspace       used 178715K, committed 179584K, reserved 1245184K
  class space    used 22028K, committed 22464K, reserved 1048576K
}
Event: 75.858 GC heap after
{Heap after GC invocations=175 (full 0):
 garbage-first heap   total 519168K, used 221192K [0x0000000080000000, 0x0000000100000000)
  region size 1024K, 11 young (11264K), 11 survivors (11264K)
 Metaspace       used 178715K, committed 179584K, reserved 1245184K
  class space    used 22028K, committed 22464K, reserved 1048576K
}
Event: 76.164 GC heap before
{Heap before GC invocations=175 (full 0):
 garbage-first heap   total 519168K, used 442376K [0x0000000080000000, 0x0000000100000000)
  region size 1024K, 227 young (232448K), 11 survivors (11264K)
 Metaspace       used 178716K, committed 179584K, reserved 1245184K
  class space    used 22028K, committed 22464K, reserved 1048576K
}
Event: 76.167 GC heap after
{Heap after GC invocations=176 (full 0):
 garbage-first heap   total 519168K, used 215415K [0x0000000080000000, 0x0000000100000000)
  region size 1024K, 6 young (6144K), 6 survivors (6144K)
 Metaspace       used 178716K, committed 179584K, reserved 1245184K
  class space    used 22028K, committed 22464K, reserved 1048576K
}
Event: 77.566 GC heap before
{Heap before GC invocations=176 (full 0):
 garbage-first heap   total 519168K, used 445815K [0x0000000080000000, 0x0000000100000000)
  region size 1024K, 231 young (236544K), 6 survivors (6144K)
 Metaspace       used 179662K, committed 180544K, reserved 1245184K
  class space    used 22111K, committed 22528K, reserved 1048576K
}
Event: 77.570 GC heap after
{Heap after GC invocations=177 (full 0):
 garbage-first heap   total 519168K, used 216747K [0x0000000080000000, 0x0000000100000000)
  region size 1024K, 7 young (7168K), 7 survivors (7168K)
 Metaspace       used 179662K, committed 180544K, reserved 1245184K
  class space    used 22111K, committed 22528K, reserved 1048576K
}
Event: 79.090 GC heap before
{Heap before GC invocations=177 (full 0):
 garbage-first heap   total 519168K, used 451243K [0x0000000080000000, 0x0000000100000000)
  region size 1024K, 234 young (239616K), 7 survivors (7168K)
 Metaspace       used 187034K, committed 187904K, reserved 1245184K
  class space    used 23243K, committed 23680K, reserved 1048576K
}
Event: 79.095 GC heap after
{Heap after GC invocations=178 (full 0):
 garbage-first heap   total 519168K, used 218198K [0x0000000080000000, 0x0000000100000000)
  region size 1024K, 8 young (8192K), 8 survivors (8192K)
 Metaspace       used 187034K, committed 187904K, reserved 1245184K
  class space    used 23243K, committed 23680K, reserved 1048576K
}
Event: 104.310 GC heap before
{Heap before GC invocations=178 (full 0):
 garbage-first heap   total 519168K, used 471126K [0x0000000080000000, 0x0000000100000000)
  region size 1024K, 235 young (240640K), 8 survivors (8192K)
 Metaspace       used 199184K, committed 200192K, reserved 1245184K
  class space    used 24993K, committed 25472K, reserved 1048576K
}
Event: 104.318 GC heap after
{Heap after GC invocations=179 (full 0):
 garbage-first heap   total 519168K, used 245697K [0x0000000080000000, 0x0000000100000000)
  region size 1024K, 21 young (21504K), 21 survivors (21504K)
 Metaspace       used 199184K, committed 200192K, reserved 1245184K
  class space    used 24993K, committed 25472K, reserved 1048576K
}
Event: 111.123 GC heap before
{Heap before GC invocations=179 (full 0):
 garbage-first heap   total 519168K, used 443329K [0x0000000080000000, 0x0000000100000000)
  region size 1024K, 214 young (219136K), 21 survivors (21504K)
 Metaspace       used 199288K, committed 200256K, reserved 1245184K
  class space    used 25006K, committed 25472K, reserved 1048576K
}
Event: 111.133 GC heap after
{Heap after GC invocations=180 (full 0):
 garbage-first heap   total 519168K, used 240354K [0x0000000080000000, 0x0000000100000000)
  region size 1024K, 14 young (14336K), 14 survivors (14336K)
 Metaspace       used 199288K, committed 200256K, reserved 1245184K
  class space    used 25006K, committed 25472K, reserved 1048576K
}

