# JRE version: OpenJDK Runtime Environment (17.0.10) (build 17.0.10+0--11609105)
# Java VM: OpenJDK 64-Bit Server VM (17.0.10+0--11609105, mixed mode, tiered, compressed oops, compressed class ptrs, g1 gc, windows-amd64)
GC Precious Log:
 CPUs: 8 total, 8 available
 Memory: 16057M
 Large Page Support: Disabled
 NUMA Support: Disabled
 Compressed Oops: Enabled (32-bit)
 Heap Region Size: 1M
 Heap Min Capacity: 8M
 Heap Initial Capacity: 252M
 Heap Max Capacity: 2G
 Pre-touch: Disabled
 Parallel Workers: 8
 Concurrent Workers: 2
 Concurrent Refinement Workers: 8
 Periodic GC: Disabled
Heap:
 garbage-first heap   total 258048K, used 142975K [0x0000000080000000, 0x0000000100000000)
  region size 1024K, 3 young (3072K), 3 survivors (3072K)
 Metaspace       used 103822K, committed 104704K, reserved 1179648K
  class space    used 14436K, committed 14848K, reserved 1048576K
GC Heap History (20 events):
Event: 9.681 GC heap after
{Heap after GC invocations=49 (full 0):
 garbage-first heap   total 224256K, used 126785K [0x0000000080000000, 0x0000000100000000)
  region size 1024K, 1 young (1024K), 1 survivors (1024K)
 Metaspace       used 99794K, committed 100608K, reserved 1179648K
  class space    used 13909K, committed 14272K, reserved 1048576K
}
Event: 9.705 GC heap before
{Heap before GC invocations=49 (full 0):
 garbage-first heap   total 224256K, used 129857K [0x0000000080000000, 0x0000000100000000)
  region size 1024K, 5 young (5120K), 1 survivors (1024K)
 Metaspace       used 100270K, committed 101120K, reserved 1179648K
  class space    used 13983K, committed 14400K, reserved 1048576K
}
Event: 9.706 GC heap after
{Heap after GC invocations=50 (full 0):
 garbage-first heap   total 224256K, used 126440K [0x0000000080000000, 0x0000000100000000)
  region size 1024K, 1 young (1024K), 1 survivors (1024K)
 Metaspace       used 100270K, committed 101120K, reserved 1179648K
  class space    used 13983K, committed 14400K, reserved 1048576K
}
Event: 10.408 GC heap before
{Heap before GC invocations=51 (full 0):
 garbage-first heap   total 230400K, used 187880K [0x0000000080000000, 0x0000000100000000)
  region size 1024K, 58 young (59392K), 1 survivors (1024K)
 Metaspace       used 103776K, committed 104704K, reserved 1179648K
  class space    used 14428K, committed 14848K, reserved 1048576K
}
Event: 10.412 GC heap after
{Heap after GC invocations=52 (full 0):
 garbage-first heap   total 230400K, used 133190K [0x0000000080000000, 0x0000000100000000)
  region size 1024K, 5 young (5120K), 5 survivors (5120K)
 Metaspace       used 103776K, committed 104704K, reserved 1179648K
  class space    used 14428K, committed 14848K, reserved 1048576K
}
Event: 10.496 GC heap before
{Heap before GC invocations=52 (full 0):
 garbage-first heap   total 230400K, used 138310K [0x0000000080000000, 0x0000000100000000)
  region size 1024K, 11 young (11264K), 5 survivors (5120K)
 Metaspace       used 103781K, committed 104704K, reserved 1179648K
  class space    used 14428K, committed 14848K, reserved 1048576K
}
Event: 10.500 GC heap after
{Heap after GC invocations=53 (full 0):
 garbage-first heap   total 230400K, used 133148K [0x0000000080000000, 0x0000000100000000)
  region size 1024K, 1 young (1024K), 1 survivors (1024K)
 Metaspace       used 103781K, committed 104704K, reserved 1179648K
  class space    used 14428K, committed 14848K, reserved 1048576K
}
Event: 11.227 GC heap before
{Heap before GC invocations=53 (full 0):
 garbage-first heap   total 230400K, used 190492K [0x0000000080000000, 0x0000000100000000)
  region size 1024K, 57 young (58368K), 1 survivors (1024K)
 Metaspace       used 103787K, committed 104704K, reserved 1179648K
  class space    used 14429K, committed 14848K, reserved 1048576K
}
Event: 11.229 GC heap after
{Heap after GC invocations=54 (full 0):
 garbage-first heap   total 230400K, used 134962K [0x0000000080000000, 0x0000000100000000)
  region size 1024K, 3 young (3072K), 3 survivors (3072K)
 Metaspace       used 103787K, committed 104704K, reserved 1179648K
  class space    used 14429K, committed 14848K, reserved 1048576K
}
Event: 11.883 GC heap before
{Heap before GC invocations=55 (full 0):
 garbage-first heap   total 234496K, used 193330K [0x0000000080000000, 0x0000000100000000)
  region size 1024K, 60 young (61440K), 3 survivors (3072K)
 Metaspace       used 103821K, committed 104704K, reserved 1179648K
  class space    used 14436K, committed 14848K, reserved 1048576K
}
Event: 11.885 GC heap after
{Heap after GC invocations=56 (full 0):
 garbage-first heap   total 234496K, used 136629K [0x0000000080000000, 0x0000000100000000)
  region size 1024K, 4 young (4096K), 4 survivors (4096K)
 Metaspace       used 103821K, committed 104704K, reserved 1179648K
  class space    used 14436K, committed 14848K, reserved 1048576K
}
Event: 11.972 GC heap before
{Heap before GC invocations=56 (full 0):
 garbage-first heap   total 234496K, used 143797K [0x0000000080000000, 0x0000000100000000)
  region size 1024K, 11 young (11264K), 4 survivors (4096K)
 Metaspace       used 103821K, committed 104704K, reserved 1179648K
  class space    used 14436K, committed 14848K, reserved 1048576K
}
Event: 11.974 GC heap after
{Heap after GC invocations=57 (full 0):
 garbage-first heap   total 234496K, used 136783K [0x0000000080000000, 0x0000000100000000)
  region size 1024K, 1 young (1024K), 1 survivors (1024K)
 Metaspace       used 103821K, committed 104704K, reserved 1179648K
  class space    used 14436K, committed 14848K, reserved 1048576K
}
Event: 12.581 GC heap before
{Heap before GC invocations=57 (full 0):
 garbage-first heap   total 234496K, used 198223K [0x0000000080000000, 0x0000000100000000)
  region size 1024K, 61 young (62464K), 1 survivors (1024K)
 Metaspace       used 103821K, committed 104704K, reserved 1179648K
  class space    used 14436K, committed 14848K, reserved 1048576K
}
Event: 12.582 GC heap after
{Heap after GC invocations=58 (full 0):
 garbage-first heap   total 234496K, used 138178K [0x0000000080000000, 0x0000000100000000)
  region size 1024K, 3 young (3072K), 3 survivors (3072K)
 Metaspace       used 103821K, committed 104704K, reserved 1179648K
  class space    used 14436K, committed 14848K, reserved 1048576K
}
Event: 13.211 GC heap before
{Heap before GC invocations=59 (full 0):
 garbage-first heap   total 240640K, used 198594K [0x0000000080000000, 0x0000000100000000)
  region size 1024K, 62 young (63488K), 3 survivors (3072K)
 Metaspace       used 103822K, committed 104704K, reserved 1179648K
  class space    used 14436K, committed 14848K, reserved 1048576K
}
Event: 13.214 GC heap after
{Heap after GC invocations=60 (full 0):
 garbage-first heap   total 240640K, used 140498K [0x0000000080000000, 0x0000000100000000)
  region size 1024K, 5 young (5120K), 5 survivors (5120K)
 Metaspace       used 103822K, committed 104704K, reserved 1179648K
  class space    used 14436K, committed 14848K, reserved 1048576K
}
Event: 13.298 GC heap before
{Heap before GC invocations=60 (full 0):
 garbage-first heap   total 240640K, used 146642K [0x0000000080000000, 0x0000000100000000)
  region size 1024K, 11 young (11264K), 5 survivors (5120K)
 Metaspace       used 103822K, committed 104704K, reserved 1179648K
  class space    used 14436K, committed 14848K, reserved 1048576K
}
Event: 13.301 GC heap after
{Heap after GC invocations=61 (full 0):
 garbage-first heap   total 240640K, used 140958K [0x0000000080000000, 0x0000000100000000)
  region size 1024K, 1 young (1024K), 1 survivors (1024K)
 Metaspace       used 103822K, committed 104704K, reserved 1179648K
  class space    used 14436K, committed 14848K, reserved 1048576K
}
Event: 14.006 GC heap before
{Heap before GC invocations=61 (full 0):
 garbage-first heap   total 240640K, used 205470K [0x0000000080000000, 0x0000000100000000)
  region size 1024K, 64 young (65536K), 1 survivors (1024K)
 Metaspace       used 103822K, committed 104704K, reserved 1179648K
  class space    used 14436K, committed 14848K, reserved 1048576K
}

